<?xml version="1.0" encoding="UTF-8"?>
<testsuite xmlns:xsi="http://www.w3.org/2001/XMLSchema-instance" xsi:noNamespaceSchemaLocation="https://maven.apache.org/surefire/maven-surefire-plugin/xsd/surefire-test-report-3.0.xsd" version="3.0" name="com.example.batchprocessing.BatchConfigurationTest" time="2.39" tests="1" errors="0" skipped="0" failures="0">
  <properties>
[...]
</properties>
  <testcase name="importUserJob_WhenJobEnds_ThenStatusCompleted" classname="com.example.batchprocessing.BatchConfigurationTest" time="0.155">
    <system-out><![CDATA[19:46:18.122 [main] INFO org.springframework.test.context.support.AnnotationConfigContextLoaderUtils -- Could not detect default configuration classes for test class [com.example.batchprocessing.BatchConfigurationTest]: BatchConfigurationTest does not declare any static, non-private, non-final, nested classes annotated with @Configuration.
19:46:18.285 [main] INFO org.springframework.boot.test.context.SpringBootTestContextBootstrapper -- Found @SpringBootConfiguration com.example.batchprocessing.BatchProcessingApplication for test class com.example.batchprocessing.BatchConfigurationTest
  .   ____          _            __ _ _
 /\\ / ___'_ __ _ _(_)_ __  __ _ \ \ \ \
( ( )\___ | '_ | '_| | '_ \/ _` | \ \ \ \
 \\/  ___)| |_)| | | | | || (_| |  ) ) ) )
  '  |____| .__|_| |_|_| |_\__, | / / / /
 =========|_|==============|___/=/_/_/_/

 :: Spring Boot ::                (v3.3.0)

2024-11-03T19:46:18.785+01:00  INFO 65168 --- [           main] c.e.b.BatchConfigurationTest             : Starting BatchConfigurationTest using Java 17.0.1 with PID 65168 (started by ziedt in C:\Users\ziedt\eclipse-workspace\gs-batch-processing-main\complete)
2024-11-03T19:46:18.786+01:00  INFO 65168 --- [           main] c.e.b.BatchConfigurationTest             : The following 1 profile is active: "test"
2024-11-03T19:46:19.396+01:00  WARN 65168 --- [           main] trationDelegate$BeanPostProcessorChecker : Bean 'org.springframework.boot.autoconfigure.jdbc.DataSourceConfiguration$Hikari' of type [org.springframework.boot.autoconfigure.jdbc.DataSourceConfiguration$Hikari] is not eligible for getting processed by all BeanPostProcessors (for example: not eligible for auto-proxying). Is this bean getting eagerly injected into a currently created BeanPostProcessor [jobRegistryBeanPostProcessor]? Check the corresponding BeanPostProcessor declaration and its dependencies.
2024-11-03T19:46:19.420+01:00  WARN 65168 --- [           main] trationDelegate$BeanPostProcessorChecker : Bean 'spring.datasource-org.springframework.boot.autoconfigure.jdbc.DataSourceProperties' of type [org.springframework.boot.autoconfigure.jdbc.DataSourceProperties] is not eligible for getting processed by all BeanPostProcessors (for example: not eligible for auto-proxying). Is this bean getting eagerly injected into a currently created BeanPostProcessor [jobRegistryBeanPostProcessor]? Check the corresponding BeanPostProcessor declaration and its dependencies.
2024-11-03T19:46:19.421+01:00  WARN 65168 --- [           main] trationDelegate$BeanPostProcessorChecker : Bean 'org.springframework.boot.autoconfigure.jdbc.DataSourceAutoConfiguration$PooledDataSourceConfiguration' of type [org.springframework.boot.autoconfigure.jdbc.DataSourceAutoConfiguration$PooledDataSourceConfiguration] is not eligible for getting processed by all BeanPostProcessors (for example: not eligible for auto-proxying). Is this bean getting eagerly injected into a currently created BeanPostProcessor [jobRegistryBeanPostProcessor]? Check the corresponding BeanPostProcessor declaration and its dependencies.
2024-11-03T19:46:19.422+01:00  WARN 65168 --- [           main] trationDelegate$BeanPostProcessorChecker : Bean 'jdbcConnectionDetails' of type [org.springframework.boot.autoconfigure.jdbc.PropertiesJdbcConnectionDetails] is not eligible for getting processed by all BeanPostProcessors (for example: not eligible for auto-proxying). Is this bean getting eagerly injected into a currently created BeanPostProcessor [jobRegistryBeanPostProcessor]? Check the corresponding BeanPostProcessor declaration and its dependencies.
2024-11-03T19:46:19.470+01:00  WARN 65168 --- [           main] trationDelegate$BeanPostProcessorChecker : Bean 'dataSource' of type [com.zaxxer.hikari.HikariDataSource] is not eligible for getting processed by all BeanPostProcessors (for example: not eligible for auto-proxying). Is this bean getting eagerly injected into a currently created BeanPostProcessor [jobRegistryBeanPostProcessor]? Check the corresponding BeanPostProcessor declaration and its dependencies.
2024-11-03T19:46:19.474+01:00  WARN 65168 --- [           main] trationDelegate$BeanPostProcessorChecker : Bean 'org.springframework.boot.autoconfigure.jdbc.DataSourceTransactionManagerAutoConfiguration$JdbcTransactionManagerConfiguration' of type [org.springframework.boot.autoconfigure.jdbc.DataSourceTransactionManagerAutoConfiguration$JdbcTransactionManagerConfiguration] is not eligible for getting processed by all BeanPostProcessors (for example: not eligible for auto-proxying). Is this bean getting eagerly injected into a currently created BeanPostProcessor [jobRegistryBeanPostProcessor]? Check the corresponding BeanPostProcessor declaration and its dependencies.
2024-11-03T19:46:19.480+01:00  WARN 65168 --- [           main] trationDelegate$BeanPostProcessorChecker : Bean 'org.springframework.boot.autoconfigure.transaction.TransactionManagerCustomizationAutoConfiguration' of type [org.springframework.boot.autoconfigure.transaction.TransactionManagerCustomizationAutoConfiguration] is not eligible for getting processed by all BeanPostProcessors (for example: not eligible for auto-proxying). Is this bean getting eagerly injected into a currently created BeanPostProcessor [jobRegistryBeanPostProcessor]? Check the corresponding BeanPostProcessor declaration and its dependencies.
2024-11-03T19:46:19.484+01:00  WARN 65168 --- [           main] trationDelegate$BeanPostProcessorChecker : Bean 'transactionExecutionListeners' of type [org.springframework.boot.autoconfigure.transaction.ExecutionListenersTransactionManagerCustomizer] is not eligible for getting processed by all BeanPostProcessors (for example: not eligible for auto-proxying). Is this bean getting eagerly injected into a currently created BeanPostProcessor [jobRegistryBeanPostProcessor]? Check the corresponding BeanPostProcessor declaration and its dependencies.
2024-11-03T19:46:19.486+01:00  WARN 65168 --- [           main] trationDelegate$BeanPostProcessorChecker : Bean 'spring.transaction-org.springframework.boot.autoconfigure.transaction.TransactionProperties' of type [org.springframework.boot.autoconfigure.transaction.TransactionProperties] is not eligible for getting processed by all BeanPostProcessors (for example: not eligible for auto-proxying). Is this bean getting eagerly injected into a currently created BeanPostProcessor [jobRegistryBeanPostProcessor]? Check the corresponding BeanPostProcessor declaration and its dependencies.
2024-11-03T19:46:19.487+01:00  WARN 65168 --- [           main] trationDelegate$BeanPostProcessorChecker : Bean 'platformTransactionManagerCustomizers' of type [org.springframework.boot.autoconfigure.transaction.TransactionManagerCustomizers] is not eligible for getting processed by all BeanPostProcessors (for example: not eligible for auto-proxying). Is this bean getting eagerly injected into a currently created BeanPostProcessor [jobRegistryBeanPostProcessor]? Check the corresponding BeanPostProcessor declaration and its dependencies.
2024-11-03T19:46:19.492+01:00  WARN 65168 --- [           main] trationDelegate$BeanPostProcessorChecker : Bean 'transactionManager' of type [org.springframework.jdbc.support.JdbcTransactionManager] is not eligible for getting processed by all BeanPostProcessors (for example: not eligible for auto-proxying). Is this bean getting eagerly injected into a currently created BeanPostProcessor [jobRegistryBeanPostProcessor]? Check the corresponding BeanPostProcessor declaration and its dependencies.
2024-11-03T19:46:19.494+01:00  WARN 65168 --- [           main] trationDelegate$BeanPostProcessorChecker : Bean 'spring.batch-org.springframework.boot.autoconfigure.batch.BatchProperties' of type [org.springframework.boot.autoconfigure.batch.BatchProperties] is not eligible for getting processed by all BeanPostProcessors (for example: not eligible for auto-proxying). Is this bean getting eagerly injected into a currently created BeanPostProcessor [jobRegistryBeanPostProcessor]? Check the corresponding BeanPostProcessor declaration and its dependencies.
2024-11-03T19:46:19.500+01:00  WARN 65168 --- [           main] trationDelegate$BeanPostProcessorChecker : Bean 'org.springframework.boot.autoconfigure.batch.BatchAutoConfiguration$SpringBootBatchConfiguration' of type [org.springframework.boot.autoconfigure.batch.BatchAutoConfiguration$SpringBootBatchConfiguration] is not eligible for getting processed by all BeanPostProcessors (for example: not eligible for auto-proxying). The currently created BeanPostProcessor [jobRegistryBeanPostProcessor] is declared through a non-static factory method on that class; consider declaring it as static instead.
2024-11-03T19:46:19.529+01:00  INFO 65168 --- [           main] com.zaxxer.hikari.HikariDataSource       : HikariPool-1 - Starting...
2024-11-03T19:46:19.802+01:00  INFO 65168 --- [           main] com.zaxxer.hikari.pool.PoolBase          : HikariPool-1 - Driver does not support get/set network timeout for connections. (feature not supported)
2024-11-03T19:46:19.803+01:00  INFO 65168 --- [           main] com.zaxxer.hikari.pool.HikariPool        : HikariPool-1 - Added connection org.hsqldb.jdbc.JDBCConnection@3c1ef806
2024-11-03T19:46:19.805+01:00  INFO 65168 --- [           main] com.zaxxer.hikari.HikariDataSource       : HikariPool-1 - Start completed.
2024-11-03T19:46:19.869+01:00  INFO 65168 --- [           main] c.e.b.i.a.o.FileLawnMowerRepository      : Attempting to load file: mower_instructions.txt
2024-11-03T19:46:19.870+01:00  INFO 65168 --- [           main] c.e.b.i.a.o.FileLawnMowerRepository      : File loaded successfully!
2024-11-03T19:46:19.870+01:00  INFO 65168 --- [           main] c.e.b.i.a.o.FileLawnMowerRepository      : Lawn limits: 5 x  5 y
2024-11-03T19:46:19.872+01:00  INFO 65168 --- [           main] c.e.b.i.a.o.FileLawnMowerRepository      : Loaded LawnMower - Position: Position [x=1, y=2, orientation=N] , Instructions: GAGAGAGAA
2024-11-03T19:46:19.872+01:00  INFO 65168 --- [           main] c.e.b.i.a.o.FileLawnMowerRepository      : Loaded LawnMower - Position: Position [x=3, y=3, orientation=E] , Instructions: AADAADADDA
2024-11-03T19:46:19.872+01:00  INFO 65168 --- [           main] c.e.b.i.a.o.FileLawnMowerRepository      : Total LawnMowers loaded: 2 
2024-11-03T19:46:20.046+01:00  INFO 65168 --- [           main] c.e.b.BatchConfigurationTest             : Started BatchConfigurationTest in 1.589 seconds (process running for 2.901)
2024-11-03T19:46:20.126+01:00  INFO 65168 --- [           main] o.s.b.c.l.support.SimpleJobLauncher      : Job: [SimpleJob: [name=lawnMowerJob]] launched with the following parameters: [{'random':'{value=-8506260367983206028, type=class java.lang.Long, identifying=true}'}]
2024-11-03T19:46:20.148+01:00  INFO 65168 --- [           main] .b.i.l.JobCompletionNotificationListener : Job lawnMowerJob is about to start...
2024-11-03T19:46:20.153+01:00  INFO 65168 --- [           main] o.s.batch.core.job.SimpleStepHandler     : Executing step: [lawnMowerStep]
2024-11-03T19:46:20.157+01:00  INFO 65168 --- [           main] c.e.b.i.c.BatchConfiguration             : Starting lawnMowerStep
2024-11-03T19:46:20.166+01:00  INFO 65168 --- [           main] c.e.b.Application.LawnMowerProcessor     : Processing LawnMower with initial position: Position [x=1, y=2, orientation=N]
2024-11-03T19:46:20.166+01:00  INFO 65168 --- [           main] c.e.b.Application.LawnMowerProcessor     : Instructions: GAGAGAGAA
2024-11-03T19:46:20.166+01:00  INFO 65168 --- [           main] c.e.b.Application.LawnMowerProcessor     : LawnMower final position after processing: Position [x=1, y=3, orientation=N]
2024-11-03T19:46:20.169+01:00  INFO 65168 --- [           main] c.e.b.Application.LawnMowerProcessor     : Processing LawnMower with initial position: Position [x=3, y=3, orientation=E]
2024-11-03T19:46:20.169+01:00  INFO 65168 --- [           main] c.e.b.Application.LawnMowerProcessor     : Instructions: AADAADADDA
2024-11-03T19:46:20.169+01:00  INFO 65168 --- [           main] c.e.b.Application.LawnMowerProcessor     : LawnMower final position after processing: Position [x=5, y=1, orientation=E]
2024-11-03T19:46:20.173+01:00  INFO 65168 --- [           main] c.e.b.i.c.BatchConfiguration             : Completed lawnMowerStep with status COMPLETED
2024-11-03T19:46:20.174+01:00  INFO 65168 --- [           main] o.s.batch.core.step.AbstractStep         : Step: [lawnMowerStep] executed in 21ms
2024-11-03T19:46:20.178+01:00  INFO 65168 --- [           main] o.s.batch.core.job.SimpleStepHandler     : Executing step: [renameFileStep]
File copied and renamed to: C:\Users\ziedt\eclipse-workspace\gs-batch-processing-main\complete\target\renamed_files\mower_instructions_20241103194620.txt
2024-11-03T19:46:20.184+01:00  INFO 65168 --- [           main] o.s.batch.core.step.AbstractStep         : Step: [renameFileStep] executed in 5ms
2024-11-03T19:46:20.185+01:00  INFO 65168 --- [           main] .b.i.l.JobCompletionNotificationListener : Job lawnMowerJob completed successfully!
2024-11-03T19:46:20.189+01:00  INFO 65168 --- [           main] o.s.b.c.l.support.SimpleJobLauncher      : Job: [SimpleJob: [name=lawnMowerJob]] completed with the following parameters: [{'random':'{value=-8506260367983206028, type=class java.lang.Long, identifying=true}'}] and the following status: [COMPLETED] in 42ms
]]></system-out>
  </testcase>
</testsuite>