<?xml version="1.0" encoding="UTF-8"?>
<testsuite xmlns:xsi="http://www.w3.org/2001/XMLSchema-instance" xsi:noNamespaceSchemaLocation="https://maven.apache.org/surefire/maven-surefire-plugin/xsd/surefire-test-report-3.0.xsd" version="3.0" name="com.example.batchprocessing.test.LawnMowerProcessorTest" time="0.146" tests="2" errors="0" skipped="0" failures="0">
  <properties>
[...]
</properties>
  <testcase name="testProcessLawnMowerWithBoundary" classname="com.example.batchprocessing.test.LawnMowerProcessorTest" time="0.045">
    <system-out><![CDATA[19:46:22.045 [main] INFO com.example.batchprocessing.Application.LawnMowerProcessor -- Processing LawnMower with initial position: Position [x=0, y=0, orientation=S]
19:46:22.051 [main] INFO com.example.batchprocessing.Application.LawnMowerProcessor -- Instructions: AAAA
19:46:22.051 [main] INFO com.example.batchprocessing.Application.LawnMowerProcessor -- LawnMower final position after processing: Position [x=0, y=0, orientation=S]
]]></system-out>
  </testcase>
  <testcase name="testProcessLawnMower" classname="com.example.batchprocessing.test.LawnMowerProcessorTest" time="0.001">
    <system-out><![CDATA[19:46:22.068 [main] INFO com.example.batchprocessing.Application.LawnMowerProcessor -- Processing LawnMower with initial position: Position [x=1, y=2, orientation=N]
19:46:22.068 [main] INFO com.example.batchprocessing.Application.LawnMowerProcessor -- Instructions: GAGAGAGAA
19:46:22.069 [main] INFO com.example.batchprocessing.Application.LawnMowerProcessor -- LawnMower final position after processing: Position [x=1, y=3, orientation=N]
]]></system-out>
  </testcase>
</testsuite>